\BOOKMARK [0][-]{chapter.1}{Introduzione}{}% 1
\BOOKMARK [1][-]{subsection.1.0.1}{Punti chiave nel progetto di calcolatori}{chapter.1}% 2
\BOOKMARK [1][-]{section.1.1}{Storia dei sistemi operativi}{chapter.1}% 3
\BOOKMARK [2][-]{subsection.1.1.1}{Prima generazione \(1946-1955\)}{section.1.1}% 4
\BOOKMARK [2][-]{subsection.1.1.2}{Seconda generazione \(1955-1965\)}{section.1.1}% 5
\BOOKMARK [2][-]{subsection.1.1.3}{Terza generazione \(1965-1980\)}{section.1.1}% 6
\BOOKMARK [2][-]{subsection.1.1.4}{Quarta generazione \(1980-1990\)}{section.1.1}% 7
\BOOKMARK [0][-]{chapter.2}{Componenti di un sistema operativo}{}% 8
\BOOKMARK [1][-]{section.2.1}{Servizi di gestione}{chapter.2}% 9
\BOOKMARK [1][-]{section.2.2}{Interprete dei comandi \(shell\)}{chapter.2}% 10
\BOOKMARK [2][-]{subsection.2.2.1}{System calls}{section.2.2}% 11
\BOOKMARK [0][-]{chapter.3}{Architettura di un sistema operativo}{}% 12
\BOOKMARK [1][-]{section.3.1}{Modello client-server}{chapter.3}% 13
\BOOKMARK [1][-]{section.3.2}{macchine virtuali}{chapter.3}% 14
\BOOKMARK [2][-]{subsection.3.2.1}{Esokernel}{section.3.2}% 15
\BOOKMARK [1][-]{section.3.3}{Processi e thread}{chapter.3}% 16
\BOOKMARK [1][-]{section.3.4}{Processi e thread}{chapter.3}% 17
\BOOKMARK [0][-]{chapter.4}{Processi e threads}{}% 18
\BOOKMARK [1][-]{section.4.1}{Processi}{chapter.4}% 19
\BOOKMARK [2][-]{subsection.4.1.1}{Il modello dei processi}{section.4.1}% 20
\BOOKMARK [2][-]{subsection.4.1.2}{Creazione dei processi}{section.4.1}% 21
\BOOKMARK [2][-]{subsection.4.1.3}{Terminazione di un processo}{section.4.1}% 22
\BOOKMARK [2][-]{subsection.4.1.4}{Gerarchie di processi}{section.4.1}% 23
\BOOKMARK [2][-]{subsection.4.1.5}{Stati dei processi}{section.4.1}% 24
\BOOKMARK [2][-]{subsection.4.1.6}{Implementazione dei processi}{section.4.1}% 25
\BOOKMARK [2][-]{subsection.4.1.7}{Modellare la multiprogrammazione}{section.4.1}% 26
\BOOKMARK [1][-]{section.4.2}{Threads}{chapter.4}% 27
\BOOKMARK [2][-]{subsection.4.2.1}{Utilizzo dei thread}{section.4.2}% 28
\BOOKMARK [2][-]{subsection.4.2.2}{Il modello dei thread classico}{section.4.2}% 29
\BOOKMARK [2][-]{subsection.4.2.3}{Thread POSIX}{section.4.2}% 30
\BOOKMARK [2][-]{subsection.4.2.4}{Implementazione dei thread nello spazio utente}{section.4.2}% 31
\BOOKMARK [2][-]{subsection.4.2.5}{Implementazione dei thread nel kernel}{section.4.2}% 32
\BOOKMARK [2][-]{subsection.4.2.6}{Implementazioni ibride}{section.4.2}% 33
\BOOKMARK [2][-]{subsection.4.2.7}{Attivazioni dello scheduler}{section.4.2}% 34
\BOOKMARK [2][-]{subsection.4.2.8}{Thread Pop-Up}{section.4.2}% 35
\BOOKMARK [2][-]{subsection.4.2.9}{Rendere codice a thread singolo multithreaded}{section.4.2}% 36
\BOOKMARK [1][-]{section.4.3}{Sincronizzazione di processi}{chapter.4}% 37
\BOOKMARK [2][-]{subsection.4.3.1}{Condizioni di competizione}{section.4.3}% 38
\BOOKMARK [2][-]{subsection.4.3.2}{Regioni critiche}{section.4.3}% 39
\BOOKMARK [2][-]{subsection.4.3.3}{Soluzioni software}{section.4.3}% 40
\BOOKMARK [2][-]{subsection.4.3.4}{Soluzioni hardware}{section.4.3}% 41
\BOOKMARK [2][-]{subsection.4.3.5}{Semafori}{section.4.3}% 42
\BOOKMARK [1][-]{section.4.4}{Monitor}{chapter.4}% 43
\BOOKMARK [1][-]{section.4.5}{Classi syncronized in Java}{chapter.4}% 44
